<?xml version="1.0" encoding="UTF-8"?>
<!-- Generated by org.testng.reporters.JUnitReportReporter -->
<testsuite hostname="LAPTOP-3CBL729E" failures="0" tests="1" name="com.awinbv.rockzent.leadtest.ObjectTest" time="8.876" errors="0" timestamp="2022-06-27T16:12:15 IST" skipped="0">
  <testcase classname="com.awinbv.rockzent.leadtest.ObjectTest" name="objectTest" time="8.876"/>
  <system-out/>
</testsuite> <!-- com.awinbv.rockzent.leadtest.ObjectTest -->
