<?xml version="1.0" encoding="UTF-8"?>
<!-- Generated by org.testng.reporters.JUnitReportReporter -->
<testsuite skipped="0" hostname="Chinnuboss" name="com.rockzent.awinbv.leadtest.CreateNewLeadTest" tests="3" failures="0" timestamp="2021-09-11T21:40:50 IST" time="60.045" errors="0">
  <testcase name="creatNewLeadByValidAnnualRevenueTest" time="17.871" classname="com.rockzent.awinbv.leadtest.CreateNewLeadTest"/>
  <system-out>
    <![CDATA[PASS: Home page is displayed
PASS: CreateNewLead page is displayed
PASS: New Lead is created
PASS: Unique LeadNo is generated]]>
  </system-out>
  <testcase name="createNewLeadByAssignToTest" time="20.494" classname="com.rockzent.awinbv.leadtest.CreateNewLeadTest"/>
  <system-out>
    <![CDATA[PASS: Home page is displayed
PASS: CreateNewLead page is displayed
PASS: Expected options are present in Group dropdown
PASS: Expected options are present in User dropdown
PASS: New Lead is created
PASS: Unique LeadNo is generated]]>
  </system-out>
  <testcase name="creatNewLeadByInvalidAnnualRevenueTest" time="21.680" classname="com.rockzent.awinbv.leadtest.CreateNewLeadTest"/>
  <system-out>
    <![CDATA[PASS: Home page is displayed
PASS: CreateNewLead page is displayed
PASS: "Invalid Annual Revenue" error message is displayed and Lead is not created]]>
  </system-out>
</testsuite> <!-- com.rockzent.awinbv.leadtest.CreateNewLeadTest -->
