<?xml version="1.0" encoding="UTF-8"?>
<!-- Generated by org.testng.reporters.JUnitReportReporter -->
<testsuite skipped="0" hostname="LAPTOP-3CBL729E" name="com.awinbv.rockzent.leadtest.CreateNewLeadTest" tests="3" failures="0" timestamp="2022-06-21T15:29:52 IST" time="22.749" errors="0">
  <testcase name="creatNewLeadByInvalidAnnualRevenueTest" time="6.189" classname="com.awinbv.rockzent.leadtest.CreateNewLeadTest"/>
  <system-out>
    <![CDATA[PASS: Home page is displayed
PASS: CreateNewLead page is displayed
PASS: "Invalid Annual Revenue" error message is displayed and Lead is not created]]>
  </system-out>
  <testcase name="creatNewLeadByValidAnnualRevenueTest" time="7.401" classname="com.awinbv.rockzent.leadtest.CreateNewLeadTest"/>
  <system-out>
    <![CDATA[PASS: Home page is displayed
PASS: CreateNewLead page is displayed
PASS: New Lead is created
PASS: Unique LeadNo is generated]]>
  </system-out>
  <testcase name="createNewLeadByAssignToTest" time="9.159" classname="com.awinbv.rockzent.leadtest.CreateNewLeadTest"/>
  <system-out>
    <![CDATA[PASS: Home page is displayed
PASS: CreateNewLead page is displayed
PASS: Expected options are present in Group dropdown
PASS: Expected options are present in User dropdown
PASS: New Lead is created
PASS: Unique LeadNo is generated]]>
  </system-out>
</testsuite> <!-- com.awinbv.rockzent.leadtest.CreateNewLeadTest -->
