<?xml version="1.0" encoding="UTF-8"?>
<!-- Generated by org.testng.reporters.JUnitReportReporter -->
<testsuite skipped="0" hostname="LAPTOP-3CBL729E" name="com.awinbv.rockzent.leadtest.ConvertLeadTest" tests="3" failures="0" timestamp="2022-06-21T15:29:52 IST" time="41.580" errors="0">
  <testcase name="convertLeadBySelectingOnlyOrgCheckboxTest" time="12.804" classname="com.awinbv.rockzent.leadtest.ConvertLeadTest"/>
  <system-out>
    <![CDATA[PASS: Home page is displayed
PASS: LeadInfoPage is displayed
PASS: Convert Lead Page is displayed
PASS: "Contact should be selected to transfer related records " message is displayed]]>
  </system-out>
  <testcase name="convertLeadBySelectingAllCheckboxTest" time="15.157" classname="com.awinbv.rockzent.leadtest.ConvertLeadTest"/>
  <system-out>
    <![CDATA[PASS: Home page is displayed
PASS: LeadInfoPage is displayed
PASS: Convert Lead Page is displayed
PASS: Organization Page is displayed]]>
  </system-out>
  <testcase name="convertLeadBySelectingOnlyOpportunityCheckboxTest" time="13.619" classname="com.awinbv.rockzent.leadtest.ConvertLeadTest"/>
  <system-out>
    <![CDATA[PASS: Home page is displayed
PASS: LeadInfoPage is displayed
PASS: Convert Lead Page is displayed
PASS: "Select either Organization or Contact to convert the lead" message is displayed]]>
  </system-out>
</testsuite> <!-- com.awinbv.rockzent.leadtest.ConvertLeadTest -->
