<?xml version="1.0" encoding="UTF-8"?>
<!-- Generated by org.testng.reporters.JUnitReportReporter -->
<testsuite skipped="1" hostname="LAPTOP-3CBL729E" name="com.awinbv.rockzent.leadtest.ExcelUtils" tests="1" failures="0" timestamp="2022-06-24T17:40:25 IST" time="0.000" errors="0">
  <testcase name="excelData" time="0.000" classname="com.awinbv.rockzent.leadtest.ExcelUtils">
    <skipped/>
  </testcase> <!-- excelData -->
  <system-out/>
</testsuite> <!-- com.awinbv.rockzent.leadtest.ExcelUtils -->
