<?xml version="1.0" encoding="UTF-8"?>
<!-- Generated by org.testng.reporters.JUnitReportReporter -->
<testsuite skipped="0" hostname="Chinnuboss" name="com.rockzent.awinbv.leadtest.ConvertLeadTest" tests="3" failures="0" timestamp="2021-09-10T11:24:32 IST" time="116.223" errors="0">
  <testcase name="convertLeadBySelectingAllCheckboxTest" time="41.747" classname="com.rockzent.awinbv.leadtest.ConvertLeadTest"/>
  <system-out/>
  <testcase name="convertLeadBySelectingOnlyOpportunityCheckboxTest" time="36.775" classname="com.rockzent.awinbv.leadtest.ConvertLeadTest"/>
  <system-out/>
  <testcase name="convertLeadBySelectingOnlyOrgCheckboxTest" time="37.701" classname="com.rockzent.awinbv.leadtest.ConvertLeadTest"/>
  <system-out/>
</testsuite> <!-- com.rockzent.awinbv.leadtest.ConvertLeadTest -->
