<?xml version="1.0" encoding="UTF-8"?>
<!-- Generated by org.testng.reporters.JUnitReportReporter -->
<testsuite skipped="3" hostname="Chinnuboss" name="com.rockzent.awinbv.leadtest.ConvertLeadTest" tests="6" failures="0" timestamp="2021-09-11T19:43:25 IST" time="255.011" errors="0">
  <testcase name="convertLeadBySelectingOnlyOrgCheckboxTest" time="29.884" classname="com.rockzent.awinbv.leadtest.ConvertLeadTest">
    <skipped/>
  </testcase> <!-- convertLeadBySelectingOnlyOrgCheckboxTest -->
  <system-out/>
  <testcase name="convertLeadBySelectingOnlyOrgCheckboxTest" time="48.566" classname="com.rockzent.awinbv.leadtest.ConvertLeadTest"/>
  <system-out/>
  <testcase name="convertLeadBySelectingAllCheckboxTest" time="58.337" classname="com.rockzent.awinbv.leadtest.ConvertLeadTest"/>
  <system-out/>
  <testcase name="convertLeadBySelectingOnlyOpportunityCheckboxTest" time="34.876" classname="com.rockzent.awinbv.leadtest.ConvertLeadTest">
    <skipped/>
  </testcase> <!-- convertLeadBySelectingOnlyOpportunityCheckboxTest -->
  <system-out/>
  <testcase name="convertLeadBySelectingOnlyOpportunityCheckboxTest" time="35.250" classname="com.rockzent.awinbv.leadtest.ConvertLeadTest">
    <skipped/>
  </testcase> <!-- convertLeadBySelectingOnlyOpportunityCheckboxTest -->
  <system-out/>
  <testcase name="convertLeadBySelectingOnlyOpportunityCheckboxTest" time="48.098" classname="com.rockzent.awinbv.leadtest.ConvertLeadTest"/>
  <system-out/>
</testsuite> <!-- com.rockzent.awinbv.leadtest.ConvertLeadTest -->
