<?xml version="1.0" encoding="UTF-8"?>
<!-- Generated by org.testng.reporters.JUnitReportReporter -->
<testsuite skipped="0" hostname="Chinnuboss" name="com.rockzent.awinbv.leadtest.CreateNewLeadTest" tests="3" failures="0" timestamp="2021-09-11T19:43:25 IST" time="48.709" errors="0">
  <testcase name="creatNewLeadByInvalidAnnualRevenueTest" time="13.560" classname="com.rockzent.awinbv.leadtest.CreateNewLeadTest"/>
  <system-out/>
  <testcase name="createNewLeadByAssignToTest" time="17.001" classname="com.rockzent.awinbv.leadtest.CreateNewLeadTest"/>
  <system-out/>
  <testcase name="creatNewLeadByValidAnnualRevenueTest" time="18.148" classname="com.rockzent.awinbv.leadtest.CreateNewLeadTest"/>
  <system-out/>
</testsuite> <!-- com.rockzent.awinbv.leadtest.CreateNewLeadTest -->
